<?xml version="1.0" encoding="UTF-8" ?>
<testsuite failures="0" time="0" errors="0" skipped="0" tests="1" name="com.gs.css4j.AppTest">
  <properties>
    <property name="java.runtime.name" value="Java(TM) SE Runtime Environment"/>
    <property name="sun.boot.library.path" value="C:\TOOLS\Java\jdk1.6.0_22\jre\bin"/>
    <property name="java.vm.version" value="17.1-b03"/>
    <property name="java.vm.vendor" value="Sun Microsystems Inc."/>
    <property name="java.vendor.url" value="http://java.sun.com/"/>
    <property name="path.separator" value=";"/>
    <property name="java.vm.name" value="Java HotSpot(TM) Client VM"/>
    <property name="file.encoding.pkg" value="sun.io"/>
    <property name="user.country" value="US"/>
    <property name="sun.java.launcher" value="SUN_STANDARD"/>
    <property name="sun.os.patch.level" value="Service Pack 3"/>
    <property name="java.vm.specification.name" value="Java Virtual Machine Specification"/>
    <property name="user.dir" value="D:\SVN_HOME\demo-projects\trunk\CSS-for-Java\css4j\css4j-parser"/>
    <property name="java.runtime.version" value="1.6.0_22-b04"/>
    <property name="java.awt.graphicsenv" value="sun.awt.Win32GraphicsEnvironment"/>
    <property name="basedir" value="D:\SVN_HOME\demo-projects\trunk\CSS-for-Java\css4j\css4j-parser"/>
    <property name="java.endorsed.dirs" value="C:\TOOLS\Java\jdk1.6.0_22\jre\lib\endorsed"/>
    <property name="os.arch" value="x86"/>
    <property name="surefire.real.class.path" value="D:\SVN_HOME\demo-projects\trunk\CSS-for-Java\css4j\css4j-parser\target\surefire\surefirebooter9200568018457681410.jar"/>
    <property name="java.io.tmpdir" value="C:\DOCUME~1\50120C~1\LOCALS~1\Temp\"/>
    <property name="line.separator" value="
"/>
    <property name="java.vm.specification.vendor" value="Sun Microsystems Inc."/>
    <property name="user.variant" value=""/>
    <property name="os.name" value="Windows XP"/>
    <property name="sun.jnu.encoding" value="Cp1252"/>
    <property name="java.library.path" value="C:\TOOLS\Java\jdk1.6.0_22\jre\bin;.;C:\WINDOWS\Sun\Java\bin;C:\WINDOWS\system32;C:\WINDOWS;C:\Program Files\PC Connectivity Solution\;D:\oracle\product\10.2.0\db_2\bin;C:\WINDOWS\system32;C:\WINDOWS;C:\WINDOWS\System32\Wbem;C:\Program Files\TortoiseSVN\bin;C:\Program Files\jZip;C:\TOOLS\apache-ant-1.8.1\bin;C:\Program Files\Windows Imaging\;C:\TOOLS\MySQL\MySQL Server 5.5\bin;C:\Program Files\QuickTime\QTSystem\;C:\Program Files\CVSNT\;C:\TOOLS\maven-3.0.3\bin;C:\TOOLS\Java\jdk1.6.0_22;C:\TOOLS\maven-3.0.3\bin;C:\TOOLS\Java\jdk1.6.0_22"/>
    <property name="surefire.test.class.path" value="D:\SVN_HOME\demo-projects\trunk\CSS-for-Java\css4j\css4j-parser\target\test-classes;D:\SVN_HOME\demo-projects\trunk\CSS-for-Java\css4j\css4j-parser\target\classes;D:\WORK\M2_REPO\junit\junit\3.8.1\junit-3.8.1.jar;"/>
    <property name="java.specification.name" value="Java Platform API Specification"/>
    <property name="java.class.version" value="50.0"/>
    <property name="sun.management.compiler" value="HotSpot Client Compiler"/>
    <property name="os.version" value="5.1"/>
    <property name="user.home" value="C:\Documents and Settings\50120C1509"/>
    <property name="user.timezone" value=""/>
    <property name="java.awt.printerjob" value="sun.awt.windows.WPrinterJob"/>
    <property name="java.specification.version" value="1.6"/>
    <property name="file.encoding" value="Cp1252"/>
    <property name="user.name" value="50120C1509"/>
    <property name="java.class.path" value="D:\SVN_HOME\demo-projects\trunk\CSS-for-Java\css4j\css4j-parser\target\test-classes;D:\SVN_HOME\demo-projects\trunk\CSS-for-Java\css4j\css4j-parser\target\classes;D:\WORK\M2_REPO\junit\junit\3.8.1\junit-3.8.1.jar;"/>
    <property name="java.vm.specification.version" value="1.0"/>
    <property name="sun.arch.data.model" value="32"/>
    <property name="java.home" value="C:\TOOLS\Java\jdk1.6.0_22\jre"/>
    <property name="java.specification.vendor" value="Sun Microsystems Inc."/>
    <property name="user.language" value="en"/>
    <property name="awt.toolkit" value="sun.awt.windows.WToolkit"/>
    <property name="java.vm.info" value="mixed mode, sharing"/>
    <property name="java.version" value="1.6.0_22"/>
    <property name="java.ext.dirs" value="C:\TOOLS\Java\jdk1.6.0_22\jre\lib\ext;C:\WINDOWS\Sun\Java\lib\ext"/>
    <property name="sun.boot.class.path" value="C:\TOOLS\Java\jdk1.6.0_22\jre\lib\resources.jar;C:\TOOLS\Java\jdk1.6.0_22\jre\lib\rt.jar;C:\TOOLS\Java\jdk1.6.0_22\jre\lib\sunrsasign.jar;C:\TOOLS\Java\jdk1.6.0_22\jre\lib\jsse.jar;C:\TOOLS\Java\jdk1.6.0_22\jre\lib\jce.jar;C:\TOOLS\Java\jdk1.6.0_22\jre\lib\charsets.jar;C:\TOOLS\Java\jdk1.6.0_22\jre\classes"/>
    <property name="java.vendor" value="Sun Microsystems Inc."/>
    <property name="localRepository" value="D:\WORK\M2_REPO"/>
    <property name="file.separator" value="\"/>
    <property name="java.vendor.url.bug" value="http://java.sun.com/cgi-bin/bugreport.cgi"/>
    <property name="sun.cpu.endian" value="little"/>
    <property name="sun.io.unicode.encoding" value="UnicodeLittle"/>
    <property name="sun.desktop" value="windows"/>
    <property name="sun.cpu.isalist" value="pentium_pro+mmx pentium_pro pentium+mmx pentium i486 i386 i86"/>
  </properties>
  <testcase time="0" classname="com.gs.css4j.AppTest" name="testApp"/>
</testsuite>